<?xml version="1.0" encoding="UTF-8"?>
<testsuite name="TestBoardHistory" tests="3" skipped="0" failures="0" errors="0" timestamp="2017-04-03T16:55:20" hostname="lw2-wireless-pittnet-43-155.wireless.pitt.edu" time="12.687">
  <properties/>
  <testcase name="testRepeatedStateX2" classname="TestBoardHistory" time="4.785"/>
  <testcase name="testRepeatedStateX3" classname="TestBoardHistory" time="2.387"/>
  <testcase name="testEquals" classname="TestBoardHistory" time="5.514"/>
  <system-out><![CDATA[]]></system-out>
  <system-err><![CDATA[]]></system-err>
</testsuite>
