<?xml version="1.0" encoding="UTF-8"?>
<testsuite name="TestGameBoard" tests="6" skipped="0" failures="0" errors="0" timestamp="2017-04-03T16:55:33" hostname="lw2-wireless-pittnet-43-155.wireless.pitt.edu" time="9.144">
  <properties/>
  <testcase name="testGetNumKingdom" classname="TestGameBoard" time="0.921"/>
  <testcase name="testKingdomUnitTaken" classname="TestGameBoard" time="1.012"/>
  <testcase name="testHoardUnitTaken" classname="TestGameBoard" time="1.354"/>
  <testcase name="testGetNumHoard" classname="TestGameBoard" time="1.542"/>
  <testcase name="testGetTile" classname="TestGameBoard" time="1.084"/>
  <testcase name="testEquals" classname="TestGameBoard" time="3.229"/>
  <system-out><![CDATA[10 10
0 0
0 0
8 8
8 8
8 8
8 8
8 8
0 0
0 0
10 10
0 0
0 0
0 0
0 0
0 0
8 8
0 0
0 0
0 0
0 0
0 0
0 0
0 0
0 0
0 0
0 0
0 0
0 0
0 0
0 0
0 0
0 0
8 8
0 0
0 0
0 0
0 0
2 2
0 0
0 0
0 0
0 0
8 8
8 8
0 0
0 0
0 0
2 2
2 2
2 2
0 0
0 0
0 0
8 8
8 8
8 8
0 0
2 2
2 2
6 6
2 2
2 2
0 0
8 8
8 8
8 8
0 0
0 0
0 0
2 2
2 2
2 2
0 0
0 0
0 0
8 8
8 8
0 0
0 0
0 0
0 0
2 2
0 0
0 0
0 0
0 0
8 8
0 0
0 0
0 0
0 0
0 0
0 0
0 0
0 0
0 0
0 0
0 0
0 0
0 0
0 0
0 0
0 0
8 8
0 0
0 0
0 0
0 0
0 0
10 10
0 0
0 0
8 8
8 8
8 8
8 8
8 8
0 0
0 0
10 10
10 10
0 0
0 0
8 8
8 8
8 8
8 8
8 8
0 0
0 0
10 10
0 0
0 0
0 0
0 0
0 0
8 8
0 0
0 0
0 0
0 0
0 0
0 0
0 0
0 0
0 0
0 0
0 0
0 0
0 0
0 0
0 0
0 0
8 8
0 0
0 0
0 0
0 0
2 2
0 0
0 0
0 0
0 0
8 8
8 8
0 0
0 0
0 0
2 2
2 2
2 2
0 0
0 0
0 0
8 8
8 8
8 8
0 0
2 2
2 2
6 6
2 2
2 2
0 0
8 8
8 8
8 8
0 0
0 0
0 0
2 2
2 2
2 2
0 0
0 0
0 0
11 8
]]></system-out>
  <system-err><![CDATA[]]></system-err>
</testsuite>
